<?xml version="1.0" encoding="UTF-8"?>
<!-- Generated by org.testng.reporters.JUnitXMLReporter -->
<testsuite hostname="Amar" ignored="0" name="Test-Runner-Chrome" tests="1" failures="0" timestamp="19 Apr 2021 09:28:35 GMT" time="73.686" errors="0">
  <testcase name="createOrg" time="52.078" classname="com.vtiger.tc.CreateOrg"/>
</testsuite> <!-- Test-Runner-Chrome -->
