<?xml version="1.0" encoding="UTF-8"?>
<!-- Generated by org.testng.reporters.JUnitXMLReporter -->
<testsuite hostname="Amar" ignored="0" name="Test-Runner-2" tests="1" failures="0" timestamp="19 Apr 2021 14:53:55 GMT" time="52.097" errors="0">
  <testcase name="craetecontact" time="33.174" classname="com.vtiger.tc.Create_Contact"/>
</testsuite> <!-- Test-Runner-2 -->
