<?xml version="1.0" encoding="UTF-8"?>
<!-- Generated by org.testng.reporters.JUnitXMLReporter -->
<testsuite hostname="Amar" ignored="1" name="Test-Runner-1" tests="1" failures="0" timestamp="2021-04-26T13:18:25 IST" time="54.176" errors="0">
  <testcase name="craetecontact" time="29.594" classname="com.vtiger.tc.Create_Contact"/>
  <testcase name="craetecontact1" time="0.0" classname="com.vtiger.tc.Create_Contact">
    <ignored/>
  </testcase> <!-- craetecontact1 -->
</testsuite> <!-- Test-Runner-1 -->
