<?xml version="1.0" encoding="UTF-8"?>
<!-- Generated by org.testng.reporters.JUnitReportReporter -->
<testsuite skipped="0" hostname="Amar" name="com.vtiger.tc.Create_Contact" tests="1" failures="0" timestamp="16 Apr 2021 10:42:57 GMT" time="53.694" errors="0">
  <testcase name="craetecontact" time="53.694" classname="com.vtiger.tc.Create_Contact"/>
</testsuite> <!-- com.vtiger.tc.Create_Contact -->
