<?xml version="1.0" encoding="UTF-8"?>
<!-- Generated by org.testng.reporters.JUnitReportReporter -->
<testsuite skipped="0" hostname="Amar" name="com.vtiger.tc.Execution" tests="3" failures="0" timestamp="16 Apr 2021 09:24:44 GMT" time="0.070" errors="0">
  <testcase name="a" time="0.029" classname="com.vtiger.tc.Execution"/>
  <testcase name="b" time="0.031" classname="com.vtiger.tc.Execution"/>
  <testcase name="c" time="0.010" classname="com.vtiger.tc.Execution"/>
</testsuite> <!-- com.vtiger.tc.Execution -->
