<?xml version="1.0" encoding="UTF-8"?>
<!-- Generated by org.testng.reporters.JUnitReportReporter -->
<testsuite skipped="0" hostname="Amar" name="com.vtiger.tc.CreateOrg" tests="1" failures="0" timestamp="19 Apr 2021 14:56:10 GMT" time="66.099" errors="0">
  <testcase name="createOrg" time="66.099" classname="com.vtiger.tc.CreateOrg"/>
</testsuite> <!-- com.vtiger.tc.CreateOrg -->
