<?xml version="1.0" encoding="UTF-8"?>
<!-- Generated by org.testng.reporters.JUnitReportReporter -->
<testsuite skipped="0" hostname="Amar" name="com.vtiger.tc.CreateCOntact_Org" tests="1" failures="0" timestamp="16 Apr 2021 10:01:59 GMT" time="55.081" errors="0">
  <testcase name="createcontact" time="55.081" classname="com.vtiger.tc.CreateCOntact_Org"/>
</testsuite> <!-- com.vtiger.tc.CreateCOntact_Org -->
