<?xml version="1.0" encoding="UTF-8"?>
<!-- Generated by org.testng.reporters.JUnitReportReporter -->
<testsuite skipped="1" hostname="Amar" name="com.vtiger.tc.Create_Contact" tests="2" failures="0" timestamp="2021-06-04T12:08:21 IST" time="70.138" errors="0">
  <testcase name="craetecontact" time="70.138" classname="com.vtiger.tc.Create_Contact"/>
  <system-out/>
  <testcase name="craetecontact1" classname="com.vtiger.tc.Create_Contact">
    <skipped/>
  </testcase> <!-- craetecontact1 -->
  <system-out/>
</testsuite> <!-- com.vtiger.tc.Create_Contact -->
