<?xml version="1.0" encoding="UTF-8"?>
<!-- Generated by org.testng.reporters.JUnitReportReporter -->
<testsuite skipped="0" hostname="Amar" name="com.vtiger.tc.CreateOrg" tests="1" failures="0" timestamp="2021-04-26T10:31:04 IST" time="70.552" errors="0">
  <testcase name="createOrg" time="70.552" classname="com.vtiger.tc.CreateOrg"/>
  <system-out/>
</testsuite> <!-- com.vtiger.tc.CreateOrg -->
