<?xml version="1.0" encoding="UTF-8"?>
<!-- Generated by org.testng.reporters.JUnitReportReporter -->
<testsuite skipped="0" hostname="Amar" name="com.vtiger.tc.CreateCOntact_Org" tests="1" failures="0" timestamp="19 Apr 2021 05:52:53 GMT" time="47.750" errors="0">
  <testcase name="createcontact" time="47.750" classname="com.vtiger.tc.CreateCOntact_Org"/>
</testsuite> <!-- com.vtiger.tc.CreateCOntact_Org -->
