<?xml version="1.0" encoding="UTF-8"?>
<!-- Generated by org.testng.reporters.JUnitReportReporter -->
<testsuite skipped="0" hostname="Amar" name="com.vtiger.tc.CreateOrg" tests="1" failures="0" timestamp="12 Apr 2021 09:55:53 GMT" time="83.623" errors="0">
  <testcase name="createOrg" time="83.623" classname="com.vtiger.tc.CreateOrg"/>
</testsuite> <!-- com.vtiger.tc.CreateOrg -->
