<?xml version="1.0" encoding="UTF-8"?>
<!-- Generated by org.testng.reporters.JUnitReportReporter -->
<testsuite skipped="0" hostname="Amar" name="com.vtiger.tc.CreateOrg" tests="1" failures="0" timestamp="09 Apr 2021 11:11:07 GMT" time="85.140" errors="0">
  <testcase name="createOrg" time="85.140" classname="com.vtiger.tc.CreateOrg"/>
</testsuite> <!-- com.vtiger.tc.CreateOrg -->
