<?xml version="1.0" encoding="UTF-8"?>
<!-- Generated by org.testng.reporters.JUnitReportReporter -->
<testsuite skipped="0" hostname="Amar" name="com.vtiger.tc.CreateOrg" tests="1" failures="0" timestamp="2021-06-14T21:59:49 IST" time="37.923" errors="0">
  <testcase name="createOrg" time="37.923" classname="com.vtiger.tc.CreateOrg"/>
  <system-out/>
</testsuite> <!-- com.vtiger.tc.CreateOrg -->
