<?xml version="1.0" encoding="UTF-8"?>
<!-- Generated by org.testng.reporters.JUnitReportReporter -->
<testsuite skipped="0" hostname="Amar" name="com.vtiger.tc.CreateOrg" tests="1" failures="0" timestamp="16 Apr 2021 10:23:50 GMT" time="75.828" errors="0">
  <testcase name="createOrg" time="75.828" classname="com.vtiger.tc.CreateOrg"/>
</testsuite> <!-- com.vtiger.tc.CreateOrg -->
