<?xml version="1.0" encoding="UTF-8"?>
<!-- Generated by org.testng.reporters.JUnitReportReporter -->
<testsuite skipped="1" hostname="Amar" name="com.vtiger.tc.Create_Contact" tests="2" failures="0" timestamp="2021-04-26T13:18:27 IST" time="43.293" errors="0">
  <testcase name="craetecontact" time="43.293" classname="com.vtiger.tc.Create_Contact"/>
  <system-out/>
  <testcase name="craetecontact1" classname="com.vtiger.tc.Create_Contact">
    <skipped/>
  </testcase> <!-- craetecontact1 -->
  <system-out/>
</testsuite> <!-- com.vtiger.tc.Create_Contact -->
